This is pdfTeX, Version 3.141592653-2.6-1.40.27 (TeX Live 2025) (preloaded format=pdflatex 2025.3.8)  6 APR 2026 21:51
entering extended mode
 restricted \write18 enabled.
 %&-line parsing enabled.
**"/Users/kevinfair/Desktop/C/4th Year/Capstone/Final Report/Main Copy/MFWF_ATP/Main"
(/Users/kevinfair/Desktop/C/4th Year/Capstone/Final Report/Main Copy/MFWF_ATP/Main.tex
LaTeX2e <2024-11-01> patch level 2
L3 programming layer <2025-01-18>
(/usr/local/texlive/2025/texmf-dist/tex/latex/base/report.cls
Document Class: report 2024/06/29 v1.4n Standard LaTeX document class
(/usr/local/texlive/2025/texmf-dist/tex/latex/base/size12.clo
File: size12.clo 2024/06/29 v1.4n Standard LaTeX file (size option)
)
\c@part=\count196
\c@chapter=\count197
\c@section=\count198
\c@subsection=\count199
\c@subsubsection=\count266
\c@paragraph=\count267
\c@subparagraph=\count268
\c@figure=\count269
\c@table=\count270
\abovecaptionskip=\skip49
\belowcaptionskip=\skip50
\bibindent=\dimen141
) (/usr/local/texlive/2025/texmf-dist/tex/latex/ieeetran/IEEEtrantools.sty
Package: IEEEtrantools 2015/08/26 V1.5 by Michael Shell

-- See the "IEEEtrantools_doc.txt" manual for usage information.
-- http://www.michaelshell.org/tex/ieeetran/tools/
\@IEEEtrantmpdimenA=\dimen142
\@IEEEtrantmpdimenB=\dimen143
\@IEEEtrantmpdimenC=\dimen144
\@IEEEtrantmpcountA=\count271
\@IEEEtrantmpcountB=\count272
\@IEEEtrantmpcountC=\count273
\@IEEEtrantmptoksA=\toks17
\IEEEnormaljot=\dimen145
\IEEEquantizedlength=\dimen146
\IEEEquantizedlengthdiff=\dimen147
\IEEEquantizedtextheightdiff=\dimen148
\IEEEilabelindentA=\dimen149
\IEEEilabelindentB=\dimen150
\IEEEilabelindent=\dimen151
\IEEEelabelindent=\dimen152
\IEEEdlabelindent=\dimen153
\IEEElabelindent=\dimen154
\IEEEiednormlabelsep=\dimen155
\IEEEiedmathlabelsep=\dimen156
\IEEEiedtopsep=\skip51
\c@IEEEsubequation=\count274
\@IEEEeqnnumcols=\count275
\@IEEEeqncolcnt=\count276
\@IEEEsubeqnnumrollback=\count277
\IEEEPARstartletwidth=\dimen157
) (/usr/local/texlive/2025/texmf-dist/tex/latex/base/inputenc.sty
Package: inputenc 2024/02/08 v1.3d Input encoding file
\inpenc@prehook=\toks18
\inpenc@posthook=\toks19
) (/usr/local/texlive/2025/texmf-dist/tex/latex/geometry/geometry.sty
Package: geometry 2020/01/02 v5.9 Page Geometry
 (/usr/local/texlive/2025/texmf-dist/tex/latex/graphics/keyval.sty
Package: keyval 2022/05/29 v1.15 key=value parser (DPC)
\KV@toks@=\toks20
) (/usr/local/texlive/2025/texmf-dist/tex/generic/iftex/ifvtex.sty
Package: ifvtex 2019/10/25 v1.7 ifvtex legacy package. Use iftex instead.
 (/usr/local/texlive/2025/texmf-dist/tex/generic/iftex/iftex.sty
Package: iftex 2024/12/12 v1.0g TeX engine tests
))
\Gm@cnth=\count278
\Gm@cntv=\count279
\c@Gm@tempcnt=\count280
\Gm@bindingoffset=\dimen158
\Gm@wd@mp=\dimen159
\Gm@odd@mp=\dimen160
\Gm@even@mp=\dimen161
\Gm@layoutwidth=\dimen162
\Gm@layoutheight=\dimen163
\Gm@layouthoffset=\dimen164
\Gm@layoutvoffset=\dimen165
\Gm@dimlist=\toks21
) (/usr/local/texlive/2025/texmf-dist/tex/latex/hyperref/hyperref.sty
Package: hyperref 2024-11-05 v7.01l Hypertext links for LaTeX
 (/usr/local/texlive/2025/texmf-dist/tex/latex/kvsetkeys/kvsetkeys.sty
Package: kvsetkeys 2022-10-05 v1.19 Key value parser (HO)
) (/usr/local/texlive/2025/texmf-dist/tex/generic/kvdefinekeys/kvdefinekeys.sty
Package: kvdefinekeys 2019-12-19 v1.6 Define keys (HO)
) (/usr/local/texlive/2025/texmf-dist/tex/generic/pdfescape/pdfescape.sty
Package: pdfescape 2019/12/09 v1.15 Implements pdfTeX's escape features (HO)
 (/usr/local/texlive/2025/texmf-dist/tex/generic/ltxcmds/ltxcmds.sty
Package: ltxcmds 2023-12-04 v1.26 LaTeX kernel commands for general use (HO)
) (/usr/local/texlive/2025/texmf-dist/tex/generic/pdftexcmds/pdftexcmds.sty
Package: pdftexcmds 2020-06-27 v0.33 Utility functions of pdfTeX for LuaTeX (HO)
 (/usr/local/texlive/2025/texmf-dist/tex/generic/infwarerr/infwarerr.sty
Package: infwarerr 2019/12/03 v1.5 Providing info/warning/error messages (HO)
)
Package pdftexcmds Info: \pdf@primitive is available.
Package pdftexcmds Info: \pdf@ifprimitive is available.
Package pdftexcmds Info: \pdfdraftmode found.
)) (/usr/local/texlive/2025/texmf-dist/tex/latex/hycolor/hycolor.sty
Package: hycolor 2020-01-27 v1.10 Color options for hyperref/bookmark (HO)
) (/usr/local/texlive/2025/texmf-dist/tex/latex/hyperref/nameref.sty
Package: nameref 2023-11-26 v2.56 Cross-referencing by name of section
 (/usr/local/texlive/2025/texmf-dist/tex/latex/refcount/refcount.sty
Package: refcount 2019/12/15 v3.6 Data extraction from label references (HO)
) (/usr/local/texlive/2025/texmf-dist/tex/generic/gettitlestring/gettitlestring.sty
Package: gettitlestring 2019/12/15 v1.6 Cleanup title references (HO)
 (/usr/local/texlive/2025/texmf-dist/tex/latex/kvoptions/kvoptions.sty
Package: kvoptions 2022-06-15 v3.15 Key value format for package options (HO)
))
\c@section@level=\count281
) (/usr/local/texlive/2025/texmf-dist/tex/latex/etoolbox/etoolbox.sty
Package: etoolbox 2025/02/11 v2.5l e-TeX tools for LaTeX (JAW)
\etb@tempcnta=\count282
) (/usr/local/texlive/2025/texmf-dist/tex/generic/stringenc/stringenc.sty
Package: stringenc 2019/11/29 v1.12 Convert strings between diff. encodings (HO)
)
\@linkdim=\dimen166
\Hy@linkcounter=\count283
\Hy@pagecounter=\count284
 (/usr/local/texlive/2025/texmf-dist/tex/latex/hyperref/pd1enc.def
File: pd1enc.def 2024-11-05 v7.01l Hyperref: PDFDocEncoding definition (HO)
Now handling font encoding PD1 ...
... no UTF-8 mapping file for font encoding PD1
) (/usr/local/texlive/2025/texmf-dist/tex/generic/intcalc/intcalc.sty
Package: intcalc 2019/12/15 v1.3 Expandable calculations with integers (HO)
)
\Hy@SavedSpaceFactor=\count285
 (/usr/local/texlive/2025/texmf-dist/tex/latex/hyperref/puenc.def
File: puenc.def 2024-11-05 v7.01l Hyperref: PDF Unicode definition (HO)
Now handling font encoding PU ...
... no UTF-8 mapping file for font encoding PU
)
Package hyperref Info: Hyper figures OFF on input line 4157.
Package hyperref Info: Link nesting OFF on input line 4162.
Package hyperref Info: Hyper index ON on input line 4165.
Package hyperref Info: Plain pages OFF on input line 4172.
Package hyperref Info: Backreferencing OFF on input line 4177.
Package hyperref Info: Implicit mode ON; LaTeX internals redefined.
Package hyperref Info: Bookmarks ON on input line 4424.
\c@Hy@tempcnt=\count286
 (/usr/local/texlive/2025/texmf-dist/tex/latex/url/url.sty
\Urlmuskip=\muskip17
Package: url 2013/09/16  ver 3.4  Verb mode for urls, etc.
)
LaTeX Info: Redefining \url on input line 4763.
\XeTeXLinkMargin=\dimen167
 (/usr/local/texlive/2025/texmf-dist/tex/generic/bitset/bitset.sty
Package: bitset 2019/12/09 v1.3 Handle bit-vector datatype (HO)
 (/usr/local/texlive/2025/texmf-dist/tex/generic/bigintcalc/bigintcalc.sty
Package: bigintcalc 2019/12/15 v1.5 Expandable calculations on big integers (HO)
))
\Fld@menulength=\count287
\Field@Width=\dimen168
\Fld@charsize=\dimen169
Package hyperref Info: Hyper figures OFF on input line 6042.
Package hyperref Info: Link nesting OFF on input line 6047.
Package hyperref Info: Hyper index ON on input line 6050.
Package hyperref Info: backreferencing OFF on input line 6057.
Package hyperref Info: Link coloring OFF on input line 6062.
Package hyperref Info: Link coloring with OCG OFF on input line 6067.
Package hyperref Info: PDF/A mode OFF on input line 6072.
 (/usr/local/texlive/2025/texmf-dist/tex/latex/base/atbegshi-ltx.sty
Package: atbegshi-ltx 2021/01/10 v1.0c Emulation of the original atbegshi
package with kernel methods
)
\Hy@abspage=\count288
\c@Item=\count289
\c@Hfootnote=\count290
)
Package hyperref Info: Driver (autodetected): hpdftex.
 (/usr/local/texlive/2025/texmf-dist/tex/latex/hyperref/hpdftex.def
File: hpdftex.def 2024-11-05 v7.01l Hyperref driver for pdfTeX
 (/usr/local/texlive/2025/texmf-dist/tex/latex/base/atveryend-ltx.sty
Package: atveryend-ltx 2020/08/19 v1.0a Emulation of the original atveryend package
with kernel methods
)
\Fld@listcount=\count291
\c@bookmark@seq@number=\count292
 (/usr/local/texlive/2025/texmf-dist/tex/latex/rerunfilecheck/rerunfilecheck.sty
Package: rerunfilecheck 2022-07-10 v1.10 Rerun checks for auxiliary files (HO)
 (/usr/local/texlive/2025/texmf-dist/tex/generic/uniquecounter/uniquecounter.sty
Package: uniquecounter 2019/12/15 v1.4 Provide unlimited unique counter (HO)
)
Package uniquecounter Info: New unique counter `rerunfilecheck' on input line 285.
)
\Hy@SectionHShift=\skip52
) (/usr/local/texlive/2025/texmf-dist/tex/latex/psnfss/mathptmx.sty
Package: mathptmx 2020/03/25 PSNFSS-v9.3 Times w/ Math, improved (SPQR, WaS) 
LaTeX Font Info:    Redeclaring symbol font `operators' on input line 28.
LaTeX Font Info:    Overwriting symbol font `operators' in version `normal'
(Font)                  OT1/cmr/m/n --> OT1/ztmcm/m/n on input line 28.
LaTeX Font Info:    Overwriting symbol font `operators' in version `bold'
(Font)                  OT1/cmr/bx/n --> OT1/ztmcm/m/n on input line 28.
LaTeX Font Info:    Redeclaring symbol font `letters' on input line 29.
LaTeX Font Info:    Overwriting symbol font `letters' in version `normal'
(Font)                  OML/cmm/m/it --> OML/ztmcm/m/it on input line 29.
LaTeX Font Info:    Overwriting symbol font `letters' in version `bold'
(Font)                  OML/cmm/b/it --> OML/ztmcm/m/it on input line 29.
LaTeX Font Info:    Redeclaring symbol font `symbols' on input line 30.
LaTeX Font Info:    Overwriting symbol font `symbols' in version `normal'
(Font)                  OMS/cmsy/m/n --> OMS/ztmcm/m/n on input line 30.
LaTeX Font Info:    Overwriting symbol font `symbols' in version `bold'
(Font)                  OMS/cmsy/b/n --> OMS/ztmcm/m/n on input line 30.
LaTeX Font Info:    Redeclaring symbol font `largesymbols' on input line 31.
LaTeX Font Info:    Overwriting symbol font `largesymbols' in version `normal'
(Font)                  OMX/cmex/m/n --> OMX/ztmcm/m/n on input line 31.
LaTeX Font Info:    Overwriting symbol font `largesymbols' in version `bold'
(Font)                  OMX/cmex/m/n --> OMX/ztmcm/m/n on input line 31.
\symbold=\mathgroup4
\symitalic=\mathgroup5
LaTeX Font Info:    Redeclaring math alphabet \mathbf on input line 34.
LaTeX Font Info:    Overwriting math alphabet `\mathbf' in version `normal'
(Font)                  OT1/cmr/bx/n --> OT1/ptm/bx/n on input line 34.
LaTeX Font Info:    Overwriting math alphabet `\mathbf' in version `bold'
(Font)                  OT1/cmr/bx/n --> OT1/ptm/bx/n on input line 34.
LaTeX Font Info:    Redeclaring math alphabet \mathit on input line 35.
LaTeX Font Info:    Overwriting math alphabet `\mathit' in version `normal'
(Font)                  OT1/cmr/m/it --> OT1/ptm/m/it on input line 35.
LaTeX Font Info:    Overwriting math alphabet `\mathit' in version `bold'
(Font)                  OT1/cmr/bx/it --> OT1/ptm/m/it on input line 35.
LaTeX Info: Redefining \hbar on input line 50.
) (/usr/local/texlive/2025/texmf-dist/tex/latex/xcolor/xcolor.sty
Package: xcolor 2024/09/29 v3.02 LaTeX color extensions (UK)
 (/usr/local/texlive/2025/texmf-dist/tex/latex/graphics-cfg/color.cfg
File: color.cfg 2016/01/02 v1.6 sample color configuration
)
Package xcolor Info: Driver file: pdftex.def on input line 274.
 (/usr/local/texlive/2025/texmf-dist/tex/latex/graphics-def/pdftex.def
File: pdftex.def 2024/04/13 v1.2c Graphics/color driver for pdftex
) (/usr/local/texlive/2025/texmf-dist/tex/latex/graphics/mathcolor.ltx)
Package xcolor Info: Model `cmy' substituted by `cmy0' on input line 1349.
Package xcolor Info: Model `hsb' substituted by `rgb' on input line 1353.
Package xcolor Info: Model `RGB' extended on input line 1365.
Package xcolor Info: Model `HTML' substituted by `rgb' on input line 1367.
Package xcolor Info: Model `Hsb' substituted by `hsb' on input line 1368.
Package xcolor Info: Model `tHsb' substituted by `hsb' on input line 1369.
Package xcolor Info: Model `HSB' substituted by `hsb' on input line 1370.
Package xcolor Info: Model `Gray' substituted by `gray' on input line 1371.
Package xcolor Info: Model `wave' substituted by `hsb' on input line 1372.
) (/usr/local/texlive/2025/texmf-dist/tex/latex/biblatex/biblatex.sty
Package: biblatex 2024/03/21 v3.20 programmable bibliographies (PK/MW)
 (/usr/local/texlive/2025/texmf-dist/tex/latex/logreq/logreq.sty
Package: logreq 2010/08/04 v1.0 xml request logger
\lrq@indent=\count293
 (/usr/local/texlive/2025/texmf-dist/tex/latex/logreq/logreq.def
File: logreq.def 2010/08/04 v1.0 logreq spec v1.0
)) (/usr/local/texlive/2025/texmf-dist/tex/latex/base/ifthen.sty
Package: ifthen 2024/03/16 v1.1e Standard LaTeX ifthen package (DPC)
)
\c@tabx@nest=\count294
\c@listtotal=\count295
\c@listcount=\count296
\c@liststart=\count297
\c@liststop=\count298
\c@citecount=\count299
\c@citetotal=\count300
\c@multicitecount=\count301
\c@multicitetotal=\count302
\c@instcount=\count303
\c@maxnames=\count304
\c@minnames=\count305
\c@maxitems=\count306
\c@minitems=\count307
\c@citecounter=\count308
\c@maxcitecounter=\count309
\c@savedcitecounter=\count310
\c@uniquelist=\count311
\c@uniquename=\count312
\c@refsection=\count313
\c@refsegment=\count314
\c@maxextratitle=\count315
\c@maxextratitleyear=\count316
\c@maxextraname=\count317
\c@maxextradate=\count318
\c@maxextraalpha=\count319
\c@abbrvpenalty=\count320
\c@highnamepenalty=\count321
\c@lownamepenalty=\count322
\c@maxparens=\count323
\c@parenlevel=\count324
\blx@tempcnta=\count325
\blx@tempcntb=\count326
\blx@tempcntc=\count327
\c@blx@maxsection=\count328
\blx@maxsegment@0=\count329
\blx@notetype=\count330
\blx@parenlevel@text=\count331
\blx@parenlevel@foot=\count332
\blx@sectionciteorder@0=\count333
\blx@sectionciteorderinternal@0=\count334
\blx@entrysetcounter=\count335
\blx@biblioinstance=\count336
\labelnumberwidth=\skip53
\labelalphawidth=\skip54
\biblabelsep=\skip55
\bibitemsep=\skip56
\bibnamesep=\skip57
\bibinitsep=\skip58
\bibparsep=\skip59
\bibhang=\skip60
\blx@bcfin=\read2
\blx@bcfout=\write3
\blx@langwohyphens=\language90
\c@mincomprange=\count337
\c@maxcomprange=\count338
\c@mincompwidth=\count339
Package biblatex Info: Trying to load biblatex default data model...
Package biblatex Info: ... file 'blx-dm.def' found.
 (/usr/local/texlive/2025/texmf-dist/tex/latex/biblatex/blx-dm.def
File: blx-dm.def 2024/03/21 v3.20 biblatex datamodel (PK/MW)
)
Package biblatex Info: Trying to load biblatex style data model...
Package biblatex Info: ... file 'ieee.dbx' not found.
Package biblatex Info: Trying to load biblatex custom data model...
Package biblatex Info: ... file 'biblatex-dm.cfg' not found.
\c@afterword=\count340
\c@savedafterword=\count341
\c@annotator=\count342
\c@savedannotator=\count343
\c@author=\count344
\c@savedauthor=\count345
\c@bookauthor=\count346
\c@savedbookauthor=\count347
\c@commentator=\count348
\c@savedcommentator=\count349
\c@editor=\count350
\c@savededitor=\count351
\c@editora=\count352
\c@savededitora=\count353
\c@editorb=\count354
\c@savededitorb=\count355
\c@editorc=\count356
\c@savededitorc=\count357
\c@foreword=\count358
\c@savedforeword=\count359
\c@holder=\count360
\c@savedholder=\count361
\c@introduction=\count362
\c@savedintroduction=\count363
\c@namea=\count364
\c@savednamea=\count365
\c@nameb=\count366
\c@savednameb=\count367
\c@namec=\count368
\c@savednamec=\count369
\c@translator=\count370
\c@savedtranslator=\count371
\c@shortauthor=\count372
\c@savedshortauthor=\count373
\c@shorteditor=\count374
\c@savedshorteditor=\count375
\c@labelname=\count376
\c@savedlabelname=\count377
\c@institution=\count378
\c@savedinstitution=\count379
\c@lista=\count380
\c@savedlista=\count381
\c@listb=\count382
\c@savedlistb=\count383
\c@listc=\count384
\c@savedlistc=\count385
\c@listd=\count386
\c@savedlistd=\count387
\c@liste=\count388
\c@savedliste=\count389
\c@listf=\count390
\c@savedlistf=\count391
\c@location=\count392
\c@savedlocation=\count393
\c@organization=\count394
\c@savedorganization=\count395
\c@origlocation=\count396
\c@savedoriglocation=\count397
\c@origpublisher=\count398
\c@savedorigpublisher=\count399
\c@publisher=\count400
\c@savedpublisher=\count401
\c@language=\count402
\c@savedlanguage=\count403
\c@origlanguage=\count404
\c@savedoriglanguage=\count405
\c@pageref=\count406
\c@savedpageref=\count407
\shorthandwidth=\skip61
\shortjournalwidth=\skip62
\shortserieswidth=\skip63
\shorttitlewidth=\skip64
\shortauthorwidth=\skip65
\shorteditorwidth=\skip66
\locallabelnumberwidth=\skip67
\locallabelalphawidth=\skip68
\localshorthandwidth=\skip69
\localshortjournalwidth=\skip70
\localshortserieswidth=\skip71
\localshorttitlewidth=\skip72
\localshortauthorwidth=\skip73
\localshorteditorwidth=\skip74
Package biblatex Info: Trying to load compatibility code...
Package biblatex Info: ... file 'blx-compat.def' found.
 (/usr/local/texlive/2025/texmf-dist/tex/latex/biblatex/blx-compat.def
File: blx-compat.def 2024/03/21 v3.20 biblatex compatibility (PK/MW)
)
Package biblatex Info: Trying to load generic definitions...
Package biblatex Info: ... file 'biblatex.def' found.
 (/usr/local/texlive/2025/texmf-dist/tex/latex/biblatex/biblatex.def
File: biblatex.def 2024/03/21 v3.20 biblatex compatibility (PK/MW)
\c@textcitecount=\count408
\c@textcitetotal=\count409
\c@textcitemaxnames=\count410
\c@biburlbigbreakpenalty=\count411
\c@biburlbreakpenalty=\count412
\c@biburlnumpenalty=\count413
\c@biburlucpenalty=\count414
\c@biburllcpenalty=\count415
\biburlbigskip=\muskip18
\biburlnumskip=\muskip19
\biburlucskip=\muskip20
\biburllcskip=\muskip21
\c@smartand=\count416
)
Package biblatex Info: Trying to load bibliography style 'ieee'...
Package biblatex Info: ... file 'ieee.bbx' found.
 (/usr/local/texlive/2025/texmf-dist/tex/latex/biblatex-ieee/ieee.bbx
File: ieee.bbx 2025-01-15 v1.4c biblatex bibliography style
Package biblatex Info: Trying to load bibliography style 'numeric-comp'...
Package biblatex Info: ... file 'numeric-comp.bbx' found.
 (/usr/local/texlive/2025/texmf-dist/tex/latex/biblatex/bbx/numeric-comp.bbx
File: numeric-comp.bbx 2024/03/21 v3.20 biblatex bibliography style (PK/MW)
Package biblatex Info: Trying to load bibliography style 'numeric'...
Package biblatex Info: ... file 'numeric.bbx' found.
 (/usr/local/texlive/2025/texmf-dist/tex/latex/biblatex/bbx/numeric.bbx
File: numeric.bbx 2024/03/21 v3.20 biblatex bibliography style (PK/MW)
Package biblatex Info: Trying to load bibliography style 'standard'...
Package biblatex Info: ... file 'standard.bbx' found.
 (/usr/local/texlive/2025/texmf-dist/tex/latex/biblatex/bbx/standard.bbx
File: standard.bbx 2024/03/21 v3.20 biblatex bibliography style (PK/MW)
\c@bbx:relatedcount=\count417
\c@bbx:relatedtotal=\count418
))))
Package biblatex Info: Trying to load citation style 'ieee'...
Package biblatex Info: ... file 'ieee.cbx' found.
 (/usr/local/texlive/2025/texmf-dist/tex/latex/biblatex-ieee/ieee.cbx
File: ieee.cbx 2025-01-15 v1.4c biblatex citation style
Package biblatex Info: Trying to load citation style 'numeric-verb'...
Package biblatex Info: ... file 'numeric-verb.cbx' found.
 (/usr/local/texlive/2025/texmf-dist/tex/latex/biblatex/cbx/numeric-verb.cbx
File: numeric-verb.cbx 2024/03/21 v3.20 biblatex citation style (PK/MW)
Package biblatex Info: Redefining '\cite'.
Package biblatex Info: Redefining '\parencite'.
Package biblatex Info: Redefining '\footcite'.
Package biblatex Info: Redefining '\footcitetext'.
Package biblatex Info: Redefining '\smartcite'.
Package biblatex Info: Redefining '\textcite'.
Package biblatex Info: Redefining '\supercite'.
Package biblatex Info: Redefining '\parencites'.
Package biblatex Info: Redefining '\smartcites'.
Package biblatex Info: Redefining '\textcites'.
))
Package biblatex Info: Trying to load configuration file...
Package biblatex Info: ... file 'biblatex.cfg' found.
 (/usr/local/texlive/2025/texmf-dist/tex/latex/biblatex/biblatex.cfg
File: biblatex.cfg 
)
Package biblatex Info: Input encoding 'utf8' detected.
Package biblatex Info: Document encoding is UTF8 ....
 (/usr/local/texlive/2025/texmf-dist/tex/latex/l3kernel/expl3.sty
Package: expl3 2025-01-18 L3 programming layer (loader) 
 (/usr/local/texlive/2025/texmf-dist/tex/latex/l3backend/l3backend-pdftex.def
File: l3backend-pdftex.def 2024-05-08 L3 backend support: PDF output (pdfTeX)
\l__color_backend_stack_int=\count419
\l__pdf_internal_box=\box52
))
Package biblatex Info: ... and expl3
(biblatex)             2025-01-18 L3 programming layer (loader) 
(biblatex)             is new enough (at least 2020/04/06),
(biblatex)             setting 'casechanger=expl3'.
 (/usr/local/texlive/2025/texmf-dist/tex/latex/biblatex/blx-case-expl3.sty (/usr/local/texlive/2025/texmf-dist/tex/latex/l3packages/xparse/xparse.sty
Package: xparse 2024-08-16 L3 Experimental document command parser
)
Package: blx-case-expl3 2024/03/21 v3.20 expl3 case changing code for biblatex
)) (/usr/local/texlive/2025/texmf-dist/tex/latex/caption/caption.sty
Package: caption 2023/08/05 v3.6o Customizing captions (AR)
 (/usr/local/texlive/2025/texmf-dist/tex/latex/caption/caption3.sty
Package: caption3 2023/07/31 v2.4d caption3 kernel (AR)
\caption@tempdima=\dimen170
\captionmargin=\dimen171
\caption@leftmargin=\dimen172
\caption@rightmargin=\dimen173
\caption@width=\dimen174
\caption@indent=\dimen175
\caption@parindent=\dimen176
\caption@hangindent=\dimen177
Package caption Info: Standard document class detected.
)
\c@caption@flags=\count420
\c@continuedfloat=\count421
Package caption Info: hyperref package is loaded.
) (/usr/local/texlive/2025/texmf-dist/tex/latex/caption/subcaption.sty
Package: subcaption 2023/07/28 v1.6b Sub-captions (AR)
Package caption Info: New subtype `subfigure' on input line 238.
\c@subfigure=\count422
Package caption Info: New subtype `subtable' on input line 238.
\c@subtable=\count423
) (/usr/local/texlive/2025/texmf-dist/tex/latex/amscls/amsthm.sty
Package: amsthm 2020/05/29 v2.20.6
\thm@style=\toks22
\thm@bodyfont=\toks23
\thm@headfont=\toks24
\thm@notefont=\toks25
\thm@headpunct=\toks26
\thm@preskip=\skip75
\thm@postskip=\skip76
\thm@headsep=\skip77
\dth@everypar=\toks27
) (/usr/local/texlive/2025/texmf-dist/tex/latex/amsmath/amsmath.sty
Package: amsmath 2024/11/05 v2.17t AMS math features
\@mathmargin=\skip78

For additional information on amsmath, use the `?' option.
(/usr/local/texlive/2025/texmf-dist/tex/latex/amsmath/amstext.sty
Package: amstext 2021/08/26 v2.01 AMS text
 (/usr/local/texlive/2025/texmf-dist/tex/latex/amsmath/amsgen.sty
File: amsgen.sty 1999/11/30 v2.0 generic functions
\@emptytoks=\toks28
\ex@=\dimen178
)) (/usr/local/texlive/2025/texmf-dist/tex/latex/amsmath/amsbsy.sty
Package: amsbsy 1999/11/29 v1.2d Bold Symbols
\pmbraise@=\dimen179
) (/usr/local/texlive/2025/texmf-dist/tex/latex/amsmath/amsopn.sty
Package: amsopn 2022/04/08 v2.04 operator names
)
\inf@bad=\count424
LaTeX Info: Redefining \frac on input line 233.
\uproot@=\count425
\leftroot@=\count426
LaTeX Info: Redefining \overline on input line 398.
LaTeX Info: Redefining \colon on input line 409.
\classnum@=\count427
\DOTSCASE@=\count428
LaTeX Info: Redefining \ldots on input line 495.
LaTeX Info: Redefining \dots on input line 498.
LaTeX Info: Redefining \cdots on input line 619.
\Mathstrutbox@=\box53
\strutbox@=\box54
LaTeX Info: Redefining \big on input line 721.
LaTeX Info: Redefining \Big on input line 722.
LaTeX Info: Redefining \bigg on input line 723.
LaTeX Info: Redefining \Bigg on input line 724.
\big@size=\dimen180
LaTeX Font Info:    Redeclaring font encoding OML on input line 742.
LaTeX Font Info:    Redeclaring font encoding OMS on input line 743.
\macc@depth=\count429
LaTeX Info: Redefining \bmod on input line 904.
LaTeX Info: Redefining \pmod on input line 909.
LaTeX Info: Redefining \smash on input line 939.
LaTeX Info: Redefining \relbar on input line 969.
LaTeX Info: Redefining \Relbar on input line 970.
\c@MaxMatrixCols=\count430
\dotsspace@=\muskip22
\c@parentequation=\count431
\dspbrk@lvl=\count432
\tag@help=\toks29
\row@=\count433
\column@=\count434
\maxfields@=\count435
\andhelp@=\toks30
\eqnshift@=\dimen181
\alignsep@=\dimen182
\tagshift@=\dimen183
\tagwidth@=\dimen184
\totwidth@=\dimen185
\lineht@=\dimen186
\@envbody=\toks31
\multlinegap=\skip79
\multlinetaggap=\skip80
\mathdisplay@stack=\toks32
LaTeX Info: Redefining \[ on input line 2953.
LaTeX Info: Redefining \] on input line 2954.
) (/usr/local/texlive/2025/texmf-dist/tex/latex/amsfonts/amsfonts.sty
Package: amsfonts 2013/01/14 v3.01 Basic AMSFonts support
\symAMSa=\mathgroup6
\symAMSb=\mathgroup7
LaTeX Font Info:    Overwriting math alphabet `\mathfrak' in version `bold'
(Font)                  U/euf/m/n --> U/euf/b/n on input line 106.
) (/usr/local/texlive/2025/texmf-dist/tex/latex/tools/longtable.sty
Package: longtable 2024-10-27 v4.22 Multi-page Table package (DPC)
\LTleft=\skip81
\LTright=\skip82
\LTpre=\skip83
\LTpost=\skip84
\LTchunksize=\count436
\LTcapwidth=\dimen187
\LT@head=\box55
\LT@firsthead=\box56
\LT@foot=\box57
\LT@lastfoot=\box58
\LT@gbox=\box59
\LT@cols=\count437
\LT@rows=\count438
\c@LT@tables=\count439
\c@LT@chunks=\count440
\LT@p@ftn=\toks33
) (/usr/local/texlive/2025/texmf-dist/tex/latex/algorithm2e/algorithm2e.sty
Package: algorithm2e 2017/07/18 v5.2 algorithms environments
\c@AlgoLine=\count441
\algocf@hangindent=\skip85
 (/usr/local/texlive/2025/texmf-dist/tex/latex/ifoddpage/ifoddpage.sty
Package: ifoddpage 2022/10/18 v1.2 Conditionals for odd/even page detection
\c@checkoddpage=\count442
) (/usr/local/texlive/2025/texmf-dist/tex/latex/tools/xspace.sty
Package: xspace 2014/10/28 v1.13 Space after command names (DPC,MH)
) (/usr/local/texlive/2025/texmf-dist/tex/latex/relsize/relsize.sty
Package: relsize 2013/03/29 ver 4.1
)
\skiptotal=\skip86
\skiplinenumber=\skip87
\skiprule=\skip88
\skiphlne=\skip89
\skiptext=\skip90
\skiplength=\skip91
\algomargin=\skip92
\skipalgocfslide=\skip93
\algowidth=\dimen188
\inoutsize=\dimen189
\inoutindent=\dimen190
\interspacetitleruled=\dimen191
\interspacealgoruled=\dimen192
\interspacetitleboxruled=\dimen193
\algocf@ruledwidth=\skip94
\algocf@inoutbox=\box60
\algocf@inputbox=\box61
\AlCapSkip=\skip95
\AlCapHSkip=\skip96
\algoskipindent=\skip97
\algocf@nlbox=\box62
\algocf@hangingbox=\box63
\algocf@untilbox=\box64
\algocf@skipuntil=\skip98
\algocf@capbox=\box65
\algocf@lcaptionbox=\skip99
\algoheightruledefault=\skip100
\algoheightrule=\skip101
\algotitleheightruledefault=\skip102
\algotitleheightrule=\skip103
\c@algocfline=\count443
\c@algocfproc=\count444
\c@algocf=\count445
\algocf@algoframe=\box66
\algocf@algobox=\box67
)
\c@theorem=\count446
\c@definition=\count447
\c@lemma=\count448
\c@Rule=\count449
 (/usr/local/texlive/2025/texmf-dist/tex/generic/nth/nth.sty
Package: nth 2002/02/27
) (/usr/local/texlive/2025/texmf-dist/tex/latex/graphics/graphicx.sty
Package: graphicx 2021/09/16 v1.2d Enhanced LaTeX Graphics (DPC,SPQR)
 (/usr/local/texlive/2025/texmf-dist/tex/latex/graphics/graphics.sty
Package: graphics 2024/08/06 v1.4g Standard LaTeX Graphics (DPC,SPQR)
 (/usr/local/texlive/2025/texmf-dist/tex/latex/graphics/trig.sty
Package: trig 2023/12/02 v1.11 sin cos tan (DPC)
) (/usr/local/texlive/2025/texmf-dist/tex/latex/graphics-cfg/graphics.cfg
File: graphics.cfg 2016/06/04 v1.11 sample graphics configuration
)
Package graphics Info: Driver file: pdftex.def on input line 106.
)
\Gin@req@height=\dimen194
\Gin@req@width=\dimen195
) (/usr/local/texlive/2025/texmf-dist/tex/latex/wrapfig/wrapfig.sty
\wrapoverhang=\dimen196
\WF@size=\dimen197
\c@WF@wrappedlines=\count450
\WF@box=\box68
\WF@everypar=\toks34
Package: wrapfig 2003/01/31  v 3.6
) (/usr/local/texlive/2025/texmf-dist/tex/latex/placeins/placeins.sty
Package: placeins 2005/04/18  v 2.2
) (/usr/local/texlive/2025/texmf-dist/tex/latex/pdfpages/pdfpages.sty
Package: pdfpages 2025/01/30 v0.6e Insert pages of external PDF documents (AM)
 (/usr/local/texlive/2025/texmf-dist/tex/latex/tools/calc.sty
Package: calc 2023/07/08 v4.3 Infix arithmetic (KKT,FJ)
\calc@Acount=\count451
\calc@Bcount=\count452
\calc@Adimen=\dimen198
\calc@Bdimen=\dimen199
\calc@Askip=\skip104
\calc@Bskip=\skip105
LaTeX Info: Redefining \setlength on input line 80.
LaTeX Info: Redefining \addtolength on input line 81.
\calc@Ccount=\count453
\calc@Cskip=\skip106
) (/usr/local/texlive/2025/texmf-dist/tex/latex/eso-pic/eso-pic.sty
Package: eso-pic 2023/05/03 v3.0c eso-pic (RN)
\ESO@tempdima=\dimen256
\ESO@tempdimb=\dimen257
)
\AM@pagewidth=\dimen258
\AM@pageheight=\dimen259
\AM@fboxrule=\dimen260
 (/usr/local/texlive/2025/texmf-dist/tex/latex/pdfpages/pppdftex.def
File: pppdftex.def 2025/01/30 v0.6e Pdfpages driver for pdfTeX (AM)
)
\pdfpages@includegraphics@status=\count454
\AM@pagebox=\box69
\AM@global@opts=\toks35
\AM@pagecnt=\count455
\AM@toc@title=\toks36
\AM@lof@heading=\toks37
\c@AM@survey=\count456
\AM@templatesizebox=\box70
) (/usr/local/texlive/2025/texmf-dist/tex/latex/attachfile2/attachfile2.sty
Package: attachfile2 2024-01-18 v2.12 Attach files into PDF (HO)
 (/usr/local/texlive/2025/texmf-dist/tex/latex/attachfile2/atfi-pdftex.def
File: atfi-pdftex.def 2024-01-18 v2.12 attachfile2 driver for pdfTeX (HO)
) (./Main.atfi)
\atfi@stream=\write4
\openout4 = `Main.atfi'.

\atfi@appearancewidth=\skip107
\atfi@appearanceheight=\skip108
\atfi@appearancedepth=\skip109
\atfi@appearancebox=\box71
\c@atfi@flags=\count457
) (/usr/local/texlive/2025/texmf-dist/tex/latex/base/fontenc.sty
Package: fontenc 2021/04/29 v2.0v Standard LaTeX package
LaTeX Font Info:    Trying to load font information for T1+ptm on input line 116.
 (/usr/local/texlive/2025/texmf-dist/tex/latex/psnfss/t1ptm.fd
File: t1ptm.fd 2001/06/04 font definitions for T1/ptm.
)) (/usr/local/texlive/2025/texmf-dist/tex/latex/csquotes/csquotes.sty
Package: csquotes 2024-04-04 v5.2o context-sensitive quotations (JAW)
\csq@reset=\count458
\csq@gtype=\count459
\csq@glevel=\count460
\csq@qlevel=\count461
\csq@maxlvl=\count462
\csq@tshold=\count463
\csq@ltx@everypar=\toks38
 (/usr/local/texlive/2025/texmf-dist/tex/latex/csquotes/csquotes.def
File: csquotes.def 2024-04-04 v5.2o csquotes generic definitions (JAW)
)
Package csquotes Info: Trying to load configuration file 'csquotes.cfg'...
Package csquotes Info: ... configuration file loaded successfully.
 (/usr/local/texlive/2025/texmf-dist/tex/latex/csquotes/csquotes.cfg
File: csquotes.cfg 
)) (/usr/local/texlive/2025/texmf-dist/tex/latex/fancyhdr/fancyhdr.sty
Package: fancyhdr 2025/02/07 v5.2 Extensive control of page headers and footers
\f@nch@headwidth=\skip110
\f@nch@offset@elh=\skip111
\f@nch@offset@erh=\skip112
\f@nch@offset@olh=\skip113
\f@nch@offset@orh=\skip114
\f@nch@offset@elf=\skip115
\f@nch@offset@erf=\skip116
\f@nch@offset@olf=\skip117
\f@nch@offset@orf=\skip118
\f@nch@height=\skip119
\f@nch@footalignment=\skip120
\f@nch@widthL=\skip121
\f@nch@widthC=\skip122
\f@nch@widthR=\skip123
\@temptokenb=\toks39
) (/usr/local/texlive/2025/texmf-dist/tex/latex/titlesec/titlesec.sty
Package: titlesec 2025/01/04 v2.17 Sectioning titles
\ttl@box=\box72
\beforetitleunit=\skip124
\aftertitleunit=\skip125
\ttl@plus=\dimen261
\ttl@minus=\dimen262
\ttl@toksa=\toks40
\titlewidth=\dimen263
\titlewidthlast=\dimen264
\titlewidthfirst=\dimen265
) (./Formatting.tex)
Package csquotes Info: Checking for multilingual support...
Package csquotes Info: ... none found.
 (./Main.aux)
\openout1 = `Main.aux'.

LaTeX Font Info:    Checking defaults for OML/cmm/m/it on input line 86.
LaTeX Font Info:    ... okay on input line 86.
LaTeX Font Info:    Checking defaults for OMS/cmsy/m/n on input line 86.
LaTeX Font Info:    ... okay on input line 86.
LaTeX Font Info:    Checking defaults for OT1/cmr/m/n on input line 86.
LaTeX Font Info:    ... okay on input line 86.
LaTeX Font Info:    Checking defaults for T1/cmr/m/n on input line 86.
LaTeX Font Info:    ... okay on input line 86.
LaTeX Font Info:    Checking defaults for TS1/cmr/m/n on input line 86.
LaTeX Font Info:    ... okay on input line 86.
LaTeX Font Info:    Checking defaults for OMX/cmex/m/n on input line 86.
LaTeX Font Info:    ... okay on input line 86.
LaTeX Font Info:    Checking defaults for U/cmr/m/n on input line 86.
LaTeX Font Info:    ... okay on input line 86.
LaTeX Font Info:    Checking defaults for PD1/pdf/m/n on input line 86.
LaTeX Font Info:    ... okay on input line 86.
LaTeX Font Info:    Checking defaults for PU/pdf/m/n on input line 86.
LaTeX Font Info:    ... okay on input line 86.

*geometry* driver: auto-detecting
*geometry* detected driver: pdftex
*geometry* verbose mode - [ preamble ] result:
* driver: pdftex
* paper: <default>
* layout: <same size as paper>
* layoutoffset:(h,v)=(0.0pt,0.0pt)
* modes: 
* h-part:(L,W,R)=(71.13188pt, 472.03123pt, 71.13188pt)
* v-part:(T,H,B)=(71.13188pt, 652.70622pt, 71.13188pt)
* \paperwidth=614.295pt
* \paperheight=794.96999pt
* \textwidth=472.03123pt
* \textheight=652.70622pt
* \oddsidemargin=-1.1381pt
* \evensidemargin=-1.1381pt
* \topmargin=-38.1381pt
* \headheight=12.0pt
* \headsep=25.0pt
* \topskip=12.0pt
* \footskip=30.0pt
* \marginparwidth=44.0pt
* \marginparsep=10.0pt
* \columnsep=10.0pt
* \skip\footins=10.8pt plus 4.0pt minus 2.0pt
* \hoffset=0.0pt
* \voffset=0.0pt
* \mag=1000
* \@twocolumnfalse
* \@twosidefalse
* \@mparswitchfalse
* \@reversemarginfalse
* (1in=72.27pt=25.4mm, 1cm=28.453pt)

Package hyperref Info: Link coloring OFF on input line 86.
(./Main.out) (./Main.out)
\@outlinefile=\write5
\openout5 = `Main.out'.

 (/usr/local/texlive/2025/texmf-dist/tex/context/base/mkii/supp-pdf.mkii
[Loading MPS to PDF converter (version 2006.09.02).]
\scratchcounter=\count464
\scratchdimen=\dimen266
\scratchbox=\box73
\nofMPsegments=\count465
\nofMParguments=\count466
\everyMPshowfont=\toks41
\MPscratchCnt=\count467
\MPscratchDim=\dimen267
\MPnumerator=\count468
\makeMPintoPDFobject=\count469
\everyMPtoPDFconversion=\toks42
) (/usr/local/texlive/2025/texmf-dist/tex/latex/epstopdf-pkg/epstopdf-base.sty
Package: epstopdf-base 2020-01-24 v2.11 Base part for package epstopdf
Package epstopdf-base Info: Redefining graphics rule for `.eps' on input line 485.
 (/usr/local/texlive/2025/texmf-dist/tex/latex/latexconfig/epstopdf-sys.cfg
File: epstopdf-sys.cfg 2010/07/13 v1.3 Configuration of (r)epstopdf for TeX Live
))
Package biblatex Info: Trying to load language 'english'...
Package biblatex Info: ... file 'english.lbx' found.
 (/usr/local/texlive/2025/texmf-dist/tex/latex/biblatex/lbx/english.lbx
File: english.lbx 2024/03/21 v3.20 biblatex localization (PK/MW)
)
Package biblatex Info: Input encoding 'utf8' detected.
Package biblatex Info: Automatic encoding selection.
(biblatex)             Assuming data encoding 'utf8'.
\openout3 = `Main.bcf'.

Package biblatex Info: Trying to load bibliographic data...
Package biblatex Info: ... file 'Main.bbl' found.
 (./Main.bbl)
Package biblatex Info: Reference section=0 on input line 86.
Package biblatex Info: Reference segment=0 on input line 86.
Package caption Info: Begin \AtBeginDocument code.
Package caption Info: longtable package is loaded.
 (/usr/local/texlive/2025/texmf-dist/tex/latex/caption/ltcaption.sty
Package: ltcaption 2021/01/08 v1.4c longtable captions (AR)
)
Package caption Info: wrapfig package is loaded.
Package caption Info: End \AtBeginDocument code.
 (/usr/local/texlive/2025/texmf-dist/tex/latex/pdflscape/pdflscape.sty
Package: pdflscape 2022-10-27 v0.13 Display of landscape pages in PDF
 (/usr/local/texlive/2025/texmf-dist/tex/latex/pdflscape/pdflscape-nometadata.sty
Package: pdflscape-nometadata 2022-10-28 v0.13 Display of landscape pages in PDF (HO)
 (/usr/local/texlive/2025/texmf-dist/tex/latex/graphics/lscape.sty
Package: lscape 2020/05/28 v3.02 Landscape Pages (DPC)
)
Package pdflscape Info: Auto-detected driver: pdftex on input line 81.
)) (./Title_page.tex
<logos/MFWF Logo.png, id=52, 963.6pt x 542.025pt>
File: logos/MFWF Logo.png Graphic file (type png)
<use logos/MFWF Logo.png>
Package pdftex.def Info: logos/MFWF Logo.png  used on input line 15.
(pdftex.def)             Requested size: 337.26506pt x 189.71158pt.
<logos/Carleton Logo - NEW.png, id=53, 1473.5853pt x 1308.087pt>
File: logos/Carleton Logo - NEW.png Graphic file (type png)
<use logos/Carleton Logo - NEW.png>
Package pdftex.def Info: logos/Carleton Logo - NEW.png  used on input line 17.
(pdftex.def)             Requested size: 147.36716pt x 130.81636pt.


LaTeX Font Warning: Font shape `T1/cmss/m/sc' in size <14.4> not available
(Font)              Font shape `T1/cmr/m/sc' tried instead on input line 21.



[1

{/usr/local/texlive/2025/texmf-var/fonts/map/pdftex/updmap/pdftex.map}{/usr/local/texlive/2025/texmf-dist/fonts/enc/dvips/cm-super/cm-super-t1.enc} <./logos/MFWF Logo.png> <./logos/Carleton Logo - NEW.png>]) (./Main.toc
LaTeX Font Info:    Trying to load font information for OT1+ztmcm on input line 3.
 (/usr/local/texlive/2025/texmf-dist/tex/latex/psnfss/ot1ztmcm.fd
File: ot1ztmcm.fd 2000/01/03 Fontinst v1.801 font definitions for OT1/ztmcm.
)
LaTeX Font Info:    Trying to load font information for OML+ztmcm on input line 3.
 (/usr/local/texlive/2025/texmf-dist/tex/latex/psnfss/omlztmcm.fd
File: omlztmcm.fd 2000/01/03 Fontinst v1.801 font definitions for OML/ztmcm.
)
LaTeX Font Info:    Trying to load font information for OMS+ztmcm on input line 3.
 (/usr/local/texlive/2025/texmf-dist/tex/latex/psnfss/omsztmcm.fd
File: omsztmcm.fd 2000/01/03 Fontinst v1.801 font definitions for OMS/ztmcm.
)
LaTeX Font Info:    Trying to load font information for OMX+ztmcm on input line 3.
 (/usr/local/texlive/2025/texmf-dist/tex/latex/psnfss/omxztmcm.fd
File: omxztmcm.fd 2000/01/03 Fontinst v1.801 font definitions for OMX/ztmcm.
)
LaTeX Font Info:    Trying to load font information for OT1+ptm on input line 3.
 (/usr/local/texlive/2025/texmf-dist/tex/latex/psnfss/ot1ptm.fd
File: ot1ptm.fd 2001/06/04 font definitions for OT1/ptm.
)
LaTeX Font Info:    Font shape `OT1/ptm/bx/n' in size <12> not available
(Font)              Font shape `OT1/ptm/b/n' tried instead on input line 3.
LaTeX Font Info:    Font shape `OT1/ptm/bx/n' in size <9> not available
(Font)              Font shape `OT1/ptm/b/n' tried instead on input line 3.
LaTeX Font Info:    Font shape `OT1/ptm/bx/n' in size <7> not available
(Font)              Font shape `OT1/ptm/b/n' tried instead on input line 3.
)
\tf@toc=\write6
\openout6 = `Main.toc'.




pdfTeX warning (ext4): destination with the same identifier (name{page.1}) has been already used, duplicate ignored
<to be read again> 
                   \relax 
l.90 \listoftables
                   [1

{/usr/local/texlive/2025/texmf-dist/fonts/enc/dvips/base/8r.enc}] (./Main.lot)
\tf@lot=\write7
\openout7 = `Main.lot'.



[2

] (./Main.lof

[3

]
Overfull \hbox (3.13312pt too wide) in paragraph at lines 44--44
 [][] [][]\T1/cmss/m/n/12 Wing de-for-ma-tion char-ac-ter-is-tics con-tribut-ing to lift gen-er-a-tion in a flap-ping wing [[]21[]].[] [][]  
 []



[4])
\tf@lof=\write8
\openout8 = `Main.lof'.

 (./Project Summary.tex

[5]
Chapter 1.


[6

]) (./Current Advances.tex

[7]
Chapter 2.


[8

]

[9] (./Stan Melchers.tex
<figures/Stan Melchers Figures/Previous Year's ATP Design.jpg, id=313, 835.12pt x 704.6325pt>
File: figures/Stan Melchers Figures/Previous Year's ATP Design.jpg Graphic file (type jpg)
<use figures/Stan Melchers Figures/Previous Year's ATP Design.jpg>
Package pdftex.def Info: figures/Stan Melchers Figures/Previous Year's ATP Design.jpg  used on input line 6.
(pdftex.def)             Requested size: 219.19041pt x 184.9429pt.


[10 <./figures/Stan Melchers Figures/Previous Year's ATP Design.jpg>]
<figures/Stan Melchers Figures/State of ATP Sep 2025.jpg, id=319, 1554.80875pt x 1384.17125pt>
File: figures/Stan Melchers Figures/State of ATP Sep 2025.jpg Graphic file (type jpg)
<use figures/Stan Melchers Figures/State of ATP Sep 2025.jpg>
Package pdftex.def Info: figures/Stan Melchers Figures/State of ATP Sep 2025.jpg  used on input line 21.
(pdftex.def)             Requested size: 207.7312pt x 184.9429pt.


[11 <./figures/Stan Melchers Figures/State of ATP Sep 2025.jpg>]
<figures/Stan Melchers Figures/ATP Design - December 2025.jpg, id=328, 730.73pt x 582.175pt>
File: figures/Stan Melchers Figures/ATP Design - December 2025.jpg Graphic file (type jpg)
<use figures/Stan Melchers Figures/ATP Design - December 2025.jpg>
Package pdftex.def Info: figures/Stan Melchers Figures/ATP Design - December 2025.jpg  used on input line 33.
(pdftex.def)             Requested size: 232.13242pt x 184.9429pt.
<figures/Stan Melchers Figures/Assembled ATP - December 2025.jpg, id=329, 1347.0325pt x 1347.0325pt>
File: figures/Stan Melchers Figures/Assembled ATP - December 2025.jpg Graphic file (type jpg)
<use figures/Stan Melchers Figures/Assembled ATP - December 2025.jpg>
Package pdftex.def Info: figures/Stan Melchers Figures/Assembled ATP - December 2025.jpg  used on input line 39.
(pdftex.def)             Requested size: 184.92465pt x 184.9429pt.


[12 <./figures/Stan Melchers Figures/ATP Design - December 2025.jpg> <./figures/Stan Melchers Figures/Assembled ATP - December 2025.jpg>]
<figures/Stan Melchers Figures/Rod Coupling Mechanism.png, id=338, 359.3425pt x 130.4875pt>
File: figures/Stan Melchers Figures/Rod Coupling Mechanism.png Graphic file (type png)
<use figures/Stan Melchers Figures/Rod Coupling Mechanism.png>
Package pdftex.def Info: figures/Stan Melchers Figures/Rod Coupling Mechanism.png  used on input line 53.
(pdftex.def)             Requested size: 284.52756pt x 103.32689pt.


[13 <./figures/Stan Melchers Figures/Rod Coupling Mechanism.png>]
<figures/Stan Melchers Figures/Rigid Coupling Mechanism.png, id=346, 335.2525pt x 135.50626pt>
File: figures/Stan Melchers Figures/Rigid Coupling Mechanism.png Graphic file (type png)
<use figures/Stan Melchers Figures/Rigid Coupling Mechanism.png>
Package pdftex.def Info: figures/Stan Melchers Figures/Rigid Coupling Mechanism.png  used on input line 64.
(pdftex.def)             Requested size: 284.52756pt x 115.00302pt.
<figures/Stan Melchers Figures/Assembled ATP - February 2026.jpg, id=348, 1389.19pt x 1232.605pt>
File: figures/Stan Melchers Figures/Assembled ATP - February 2026.jpg Graphic file (type jpg)
<use figures/Stan Melchers Figures/Assembled ATP - February 2026.jpg>
Package pdftex.def Info: figures/Stan Melchers Figures/Assembled ATP - February 2026.jpg  used on input line 73.
(pdftex.def)             Requested size: 208.4331pt x 184.9429pt.


[14 <./figures/Stan Melchers Figures/Rigid Coupling Mechanism.png>]
<figures/Stan Melchers Figures/Single Wing Electrodynamic.png, id=356, 736.7525pt x 695.59875pt>
File: figures/Stan Melchers Figures/Single Wing Electrodynamic.png Graphic file (type png)
<use figures/Stan Melchers Figures/Single Wing Electrodynamic.png>
Package pdftex.def Info: figures/Stan Melchers Figures/Single Wing Electrodynamic.png  used on input line 92.
(pdftex.def)             Requested size: 118.0078pt x 111.41483pt.
<figures/Stan Melchers Figures/Dual Wing Electrodynamic.png, id=357, 809.0225pt x 698.61pt>
File: figures/Stan Melchers Figures/Dual Wing Electrodynamic.png Graphic file (type png)
<use figures/Stan Melchers Figures/Dual Wing Electrodynamic.png>
Package pdftex.def Info: figures/Stan Melchers Figures/Dual Wing Electrodynamic.png  used on input line 98.
(pdftex.def)             Requested size: 118.0078pt x 101.89813pt.


[15 <./figures/Stan Melchers Figures/Assembled ATP - February 2026.jpg>]
<figures/Stan Melchers Figures/Purchased Flapper Attachment Mechanism.png, id=366, 333.245pt x 282.05376pt>
File: figures/Stan Melchers Figures/Purchased Flapper Attachment Mechanism.png Graphic file (type png)
<use figures/Stan Melchers Figures/Purchased Flapper Attachment Mechanism.png>
Package pdftex.def Info: figures/Stan Melchers Figures/Purchased Flapper Attachment Mechanism.png  used on input line 110.
(pdftex.def)             Requested size: 218.5135pt x 184.9429pt.


[16 <./figures/Stan Melchers Figures/Single Wing Electrodynamic.png> <./figures/Stan Melchers Figures/Dual Wing Electrodynamic.png> <./figures/Stan Melchers Figures/Purchased Flapper Attachment Mechanism.png>]
<figures/Stan Melchers Figures/Phone Holder.png, id=376, 315.141pt x 279.006pt>
File: figures/Stan Melchers Figures/Phone Holder.png Graphic file (type png)
<use figures/Stan Melchers Figures/Phone Holder.png>
Package pdftex.def Info: figures/Stan Melchers Figures/Phone Holder.png  used on input line 126.
(pdftex.def)             Requested size: 118.0078pt x 104.47798pt.
<figures/Stan Melchers Figures/Phone Holder Cross Section.png, id=377, 251.94125pt x 280.04625pt>
File: figures/Stan Melchers Figures/Phone Holder Cross Section.png Graphic file (type png)
<use figures/Stan Melchers Figures/Phone Holder Cross Section.png>
Package pdftex.def Info: figures/Stan Melchers Figures/Phone Holder Cross Section.png  used on input line 132.
(pdftex.def)             Requested size: 118.0078pt x 131.17307pt.
<figures/Stan Melchers Figures/Calibration Weights.jpg, id=379, 1259.70625pt x 1259.70625pt>
File: figures/Stan Melchers Figures/Calibration Weights.jpg Graphic file (type jpg)
<use figures/Stan Melchers Figures/Calibration Weights.jpg>
Package pdftex.def Info: figures/Stan Melchers Figures/Calibration Weights.jpg  used on input line 144.
(pdftex.def)             Requested size: 184.93048pt x 184.9429pt.


[17 <./figures/Stan Melchers Figures/Phone Holder.png> <./figures/Stan Melchers Figures/Phone Holder Cross Section.png>]
<figures/Stan Melchers Figures/ATP Design - April 2026.png, id=388, 798.985pt x 837.1275pt>
File: figures/Stan Melchers Figures/ATP Design - April 2026.png Graphic file (type png)
<use figures/Stan Melchers Figures/ATP Design - April 2026.png>
Package pdftex.def Info: figures/Stan Melchers Figures/ATP Design - April 2026.png  used on input line 158.
(pdftex.def)             Requested size: 118.0078pt x 123.6349pt.
<figures/Stan Melchers Figures/ATP Design Cross Section - April 2026.png, id=389, 830.10126pt x 858.20625pt>
File: figures/Stan Melchers Figures/ATP Design Cross Section - April 2026.png Graphic file (type png)
<use figures/Stan Melchers Figures/ATP Design Cross Section - April 2026.png>
Package pdftex.def Info: figures/Stan Melchers Figures/ATP Design Cross Section - April 2026.png  used on input line 164.
(pdftex.def)             Requested size: 118.0078pt x 121.99446pt.


[18 <./figures/Stan Melchers Figures/Calibration Weights.jpg>]

[19 <./figures/Stan Melchers Figures/ATP Design - April 2026.png> <./figures/Stan Melchers Figures/ATP Design Cross Section - April 2026.png>])

[20] (./Kevin Fair.tex
<figures/PrelimSchematic.png, id=408, 657.95813pt x 378.66469pt>
File: figures/PrelimSchematic.png Graphic file (type png)
<use figures/PrelimSchematic.png>
Package pdftex.def Info: figures/PrelimSchematic.png  used on input line 7.
(pdftex.def)             Requested size: 222.47797pt x 128.0374pt.


[21

 <./figures/PrelimSchematic.png>]

[22]
<figures/Prelim1280.png, id=430, 776.9025pt x 418.56375pt>
File: figures/Prelim1280.png Graphic file (type png)
<use figures/Prelim1280.png>
Package pdftex.def Info: figures/Prelim1280.png  used on input line 43.
(pdftex.def)             Requested size: 343.27255pt x 184.9429pt.


[23]
<figures/Assembled ATP.jpg, id=446, 1347.0325pt x 1347.0325pt>
File: figures/Assembled ATP.jpg Graphic file (type jpg)
<use figures/Assembled ATP.jpg>
Package pdftex.def Info: figures/Assembled ATP.jpg  used on input line 52.
(pdftex.def)             Requested size: 156.47786pt x 156.49014pt.


[24 <./figures/Prelim1280.png>]
<figures/50g_ATPTension.png, id=454, 601.4972pt x 389.95688pt>
File: figures/50g_ATPTension.png Graphic file (type png)
<use figures/50g_ATPTension.png>
Package pdftex.def Info: figures/50g_ATPTension.png  used on input line 63.
(pdftex.def)             Requested size: 212.41261pt x 137.70674pt.
<figures/200g_ATPTension.png, id=455, 614.295pt x 400.49625pt>
File: figures/200g_ATPTension.png Graphic file (type png)
<use figures/200g_ATPTension.png>
Package pdftex.def Info: figures/200g_ATPTension.png  used on input line 69.
(pdftex.def)             Requested size: 212.41261pt x 138.48302pt.


[25 <./figures/Assembled ATP.jpg>]
<figures/NewDAQUnitTest.png, id=467, 1003.49907pt x 462.97969pt>
File: figures/NewDAQUnitTest.png Graphic file (type png)
<use figures/NewDAQUnitTest.png>
Package pdftex.def Info: figures/NewDAQUnitTest.png  used on input line 88.
(pdftex.def)             Requested size: 339.19458pt x 156.49014pt.


[26 <./figures/50g_ATPTension.png> <./figures/200g_ATPTension.png>]
<figures/SubStringSchem.png, id=479, 469.755pt x 469.00218pt>
File: figures/SubStringSchem.png Graphic file (type png)
<use figures/SubStringSchem.png>
Package pdftex.def Info: figures/SubStringSchem.png  used on input line 98.
(pdftex.def)             Requested size: 185.2394pt x 184.9429pt.


[27 <./figures/NewDAQUnitTest.png>]
<figures/DoubleAmp_100.png, id=489, 657.657pt x 308.352pt>
File: figures/DoubleAmp_100.png Graphic file (type png)
<use figures/DoubleAmp_100.png>
Package pdftex.def Info: figures/DoubleAmp_100.png  used on input line 110.
(pdftex.def)             Requested size: 212.41261pt x 99.59213pt.
<figures/50g_doubleAmp.png, id=490, 651.6345pt x 308.352pt>
File: figures/50g_doubleAmp.png Graphic file (type png)
<use figures/50g_doubleAmp.png>
Package pdftex.def Info: figures/50g_doubleAmp.png  used on input line 116.
(pdftex.def)             Requested size: 212.41261pt x 100.51433pt.
<figures/DoubleAmp_20.png, id=491, 648.62325pt x 319.79475pt>
File: figures/DoubleAmp_20.png Graphic file (type png)
<use figures/DoubleAmp_20.png>
Package pdftex.def Info: figures/DoubleAmp_20.png  used on input line 127.
(pdftex.def)             Requested size: 212.41261pt x 104.72743pt.
<figures/DoubleAmp_10.png, id=492, 651.6345pt x 310.15875pt>
File: figures/DoubleAmp_10.png Graphic file (type png)
<use figures/DoubleAmp_10.png>
Package pdftex.def Info: figures/DoubleAmp_10.png  used on input line 133.
(pdftex.def)             Requested size: 212.41261pt x 101.10329pt.


[28 <./figures/SubStringSchem.png> <./figures/DoubleAmp_100.png> <./figures/50g_doubleAmp.png>]
<figures/10HzFlapping.png, id=502, 366.61969pt x 238.64156pt>
File: figures/10HzFlapping.png Graphic file (type png)
<use figures/10HzFlapping.png>
Package pdftex.def Info: figures/10HzFlapping.png  used on input line 147.
(pdftex.def)             Requested size: 284.12172pt x 184.9429pt.
<figures/8HzFlapping.png, id=504, 560.0925pt x 371.13657pt>
File: figures/8HzFlapping.png Graphic file (type png)
<use figures/8HzFlapping.png>
Package pdftex.def Info: figures/8HzFlapping.png  used on input line 154.
(pdftex.def)             Requested size: 279.10545pt x 184.9429pt.


[29 <./figures/DoubleAmp_20.png> <./figures/DoubleAmp_10.png>]

[30 <./figures/10HzFlapping.png> <./figures/8HzFlapping.png>]
<figures/FinalStringSchem.png, id=520, 473.51906pt x 459.21562pt>
File: figures/FinalStringSchem.png Graphic file (type png)
<use figures/FinalStringSchem.png>
Package pdftex.def Info: figures/FinalStringSchem.png  used on input line 167.
(pdftex.def)             Requested size: 190.70482pt x 184.9429pt.
File: figures/DoubleAmp_20.png Graphic file (type png)
<use figures/DoubleAmp_20.png>
Package pdftex.def Info: figures/DoubleAmp_20.png  used on input line 176.
(pdftex.def)             Requested size: 212.41261pt x 104.72743pt.
<figures/20g_linkedTest.png, id=523, 420.06938pt x 276.28218pt>
File: figures/20g_linkedTest.png Graphic file (type png)
<use figures/20g_linkedTest.png>
Package pdftex.def Info: figures/20g_linkedTest.png  used on input line 182.
(pdftex.def)             Requested size: 212.41261pt x 139.70477pt.
File: figures/DoubleAmp_10.png Graphic file (type png)
<use figures/DoubleAmp_10.png>
Package pdftex.def Info: figures/DoubleAmp_10.png  used on input line 193.
(pdftex.def)             Requested size: 212.41261pt x 101.10329pt.
<figures/10g_linkedTest.png, id=524, 419.31656pt x 276.28218pt>
File: figures/10g_linkedTest.png Graphic file (type png)
<use figures/10g_linkedTest.png>
Package pdftex.def Info: figures/10g_linkedTest.png  used on input line 199.
(pdftex.def)             Requested size: 212.41261pt x 139.9535pt.


[31 <./figures/FinalStringSchem.png>]
<figures/TOPCalCurve.png, id=531, 683.55376pt x 493.0922pt>
File: figures/TOPCalCurve.png Graphic file (type png)
<use figures/TOPCalCurve.png>
Package pdftex.def Info: figures/TOPCalCurve.png  used on input line 213.
(pdftex.def)             Requested size: 335.26761pt x 241.84842pt.


[32 <./figures/20g_linkedTest.png> <./figures/10g_linkedTest.png>]
<figures/LabView_UI.png, id=540, 1139.457pt x 548.64975pt>
File: figures/LabView_UI.png Graphic file (type png)
<use figures/LabView_UI.png>
Package pdftex.def Info: figures/LabView_UI.png  used on input line 223.
(pdftex.def)             Requested size: 443.18677pt x 213.39566pt.


[33 <./figures/TOPCalCurve.png>]

[34 <./figures/LabView_UI.png>]
<figures/ATP_NumbSchem.jpg, id=555, 1107.13625pt x 958.58125pt>
File: figures/ATP_NumbSchem.jpg Graphic file (type jpg)
<use figures/ATP_NumbSchem.jpg>
Package pdftex.def Info: figures/ATP_NumbSchem.jpg  used on input line 238.
(pdftex.def)             Requested size: 180.72684pt x 156.49014pt.

Overfull \hbox (23.40213pt too wide) in paragraph at lines 244--251
 [][] 
 []



[35]
<figures/FlappingBirdATP.png, id=561, 685.8122pt x 496.85625pt>
File: figures/FlappingBirdATP.png Graphic file (type png)
<use figures/FlappingBirdATP.png>
Package pdftex.def Info: figures/FlappingBirdATP.png  used on input line 263.
(pdftex.def)             Requested size: 333.82195pt x 241.84842pt.


[36 <./figures/ATP_NumbSchem.jpg>]

[37 <./figures/FlappingBirdATP.png>]
<figures/MechanicalTest.png, id=575, 582.37575pt x 420.3705pt>
File: figures/MechanicalTest.png Graphic file (type png)
<use figures/MechanicalTest.png>
Package pdftex.def Info: figures/MechanicalTest.png  used on input line 299.
(pdftex.def)             Requested size: 335.05894pt x 241.84842pt.


[38]
<figures/EM_4F_Drift.png, id=582, 579.3645pt x 422.7795pt>
File: figures/EM_4F_Drift.png Graphic file (type png)
<use figures/EM_4F_Drift.png>
Package pdftex.def Info: figures/EM_4F_Drift.png  used on input line 308.
(pdftex.def)             Requested size: 331.4258pt x 241.84842pt.


[39 <./figures/MechanicalTest.png>]

[40 <./figures/EM_4F_Drift.png>])

[41] (./Wade Schnurr.tex

[42]

[43]
<figures/Wade Schnurr Images/LSTM 2 Predicted vs True (Test Set).png, id=623, 409.53pt x 409.53pt>
File: figures/Wade Schnurr Images/LSTM 2 Predicted vs True (Test Set).png Graphic file (type png)
<use figures/Wade Schnurr Images/LSTM 2 Predicted vs True (Test Set).png>
Package pdftex.def Info: figures/Wade Schnurr Images/LSTM 2 Predicted vs True (Test Set).png  used on input line 27.
(pdftex.def)             Requested size: 284.52756pt x 284.5444pt.
<figures/Wade Schnurr Images/LSTM 2 with Arifoil Training History.png, id=624, 460.6008pt x 344.9688pt>
File: figures/Wade Schnurr Images/LSTM 2 with Arifoil Training History.png Graphic file (type png)
<use figures/Wade Schnurr Images/LSTM 2 with Arifoil Training History.png>
Package pdftex.def Info: figures/Wade Schnurr Images/LSTM 2 with Arifoil Training History.png  used on input line 34.
(pdftex.def)             Requested size: 284.52756pt x 213.0994pt.
<figures/Wade Schnurr Images/MLP Predicted vs True (Test Set).png, id=625, 367.3725pt x 367.3725pt>
File: figures/Wade Schnurr Images/MLP Predicted vs True (Test Set).png Graphic file (type png)
<use figures/Wade Schnurr Images/MLP Predicted vs True (Test Set).png>
Package pdftex.def Info: figures/Wade Schnurr Images/MLP Predicted vs True (Test Set).png  used on input line 41.
(pdftex.def)             Requested size: 284.52756pt x 284.54816pt.
<figures/Wade Schnurr Images/MLP Training History (Large NACA Airfoil Dataset).png, id=626, 465.23813pt x 349.305pt>
File: figures/Wade Schnurr Images/MLP Training History (Large NACA Airfoil Dataset).png Graphic file (type png)
<use figures/Wade Schnurr Images/MLP Training History (Large NACA Airfoil Dataset).png>
Package pdftex.def Info: figures/Wade Schnurr Images/MLP Training History (Large NACA Airfoil Dataset).png  used on input line 48.
(pdftex.def)             Requested size: 284.52756pt x 213.63005pt.


[44]

[45 <./figures/Wade Schnurr Images/LSTM 2 Predicted vs True (Test Set).png> <./figures/Wade Schnurr Images/LSTM 2 with Arifoil Training History.png>]

[46 <./figures/Wade Schnurr Images/MLP Predicted vs True (Test Set).png> <./figures/Wade Schnurr Images/MLP Training History (Large NACA Airfoil Dataset).png>])

[47] (./Aidan Sheridan.tex
<figures/MLP Network Diagram Aidan.png, id=648, 343.2825pt x 225.84375pt>
File: figures/MLP Network Diagram Aidan.png Graphic file (type png)
<use figures/MLP Network Diagram Aidan.png>
Package pdftex.def Info: figures/MLP Network Diagram Aidan.png  used on input line 7.
(pdftex.def)             Requested size: 281.12679pt x 184.9429pt.


[48 <./figures/MLP Network Diagram Aidan.png>]
<figures/Training Data Aidan.png, id=657, 359.84438pt x 167.72662pt>
File: figures/Training Data Aidan.png Graphic file (type png)
<use figures/Training Data Aidan.png>
Package pdftex.def Info: figures/Training Data Aidan.png  used on input line 19.
(pdftex.def)             Requested size: 396.7964pt x 184.9429pt.
<figures/Aidan Code Image 1.png, id=658, 447.17062pt x 463.7325pt>
File: figures/Aidan Code Image 1.png Graphic file (type png)
<use figures/Aidan Code Image 1.png>
Package pdftex.def Info: figures/Aidan Code Image 1.png  used on input line 28.
(pdftex.def)             Requested size: 274.37032pt x 284.52756pt.
<figures/Predicted vs True Aidan.png, id=659, 343.5234pt x 343.5234pt>
File: figures/Predicted vs True Aidan.png Graphic file (type png)
<use figures/Predicted vs True Aidan.png>
Package pdftex.def Info: figures/Predicted vs True Aidan.png  used on input line 37.
(pdftex.def)             Requested size: 184.94424pt x 184.9429pt.


[49 <./figures/Training Data Aidan.png>]
<figures/Training and Validation Loss Aidan.png, id=666, 361.8318pt x 271.2534pt>
File: figures/Training and Validation Loss Aidan.png Graphic file (type png)
<use figures/Training and Validation Loss Aidan.png>
Package pdftex.def Info: figures/Training and Validation Loss Aidan.png  used on input line 44.
(pdftex.def)             Requested size: 227.72336pt x 170.71652pt.


[50 <./figures/Aidan Code Image 1.png>])

[51 <./figures/Predicted vs True Aidan.png> <./figures/Training and Validation Loss Aidan.png>] (./Abdulrahman Sirajudeen-Sanni.tex
<figures/Abdul/baselinewingmodified.png, id=680, 433.62pt x 246.4407pt>
File: figures/Abdul/baselinewingmodified.png Graphic file (type png)
<use figures/Abdul/baselinewingmodified.png>
Package pdftex.def Info: figures/Abdul/baselinewingmodified.png  used on input line 11.
(pdftex.def)             Requested size: 225.2852pt x 128.0374pt.


[52 <./figures/Abdul/baselinewingmodified.png>]

[53]
<figures/Abdul/wingliftcharacteristics.png, id=706, 352.31625pt x 542.025pt>
File: figures/Abdul/wingliftcharacteristics.png Graphic file (type png)
<use figures/Abdul/wingliftcharacteristics.png>
Package pdftex.def Info: figures/Abdul/wingliftcharacteristics.png  used on input line 56.
(pdftex.def)             Requested size: 166.45418pt x 256.0748pt.
<figures/Abdul/Wing deformations.png, id=709, 909.99976pt x 399.894pt>
File: figures/Abdul/Wing deformations.png Graphic file (type png)
<use figures/Abdul/Wing deformations.png>
Package pdftex.def Info: figures/Abdul/Wing deformations.png  used on input line 64.
(pdftex.def)             Requested size: 453.22142pt x 199.16928pt.
<figures/Abdul/stiffnessdistribution.png, id=715, 435.42674pt x 407.121pt>
File: figures/Abdul/stiffnessdistribution.png Graphic file (type png)
<use figures/Abdul/stiffnessdistribution.png>
Package pdftex.def Info: figures/Abdul/stiffnessdistribution.png  used on input line 74.
(pdftex.def)             Requested size: 243.45195pt x 227.62204pt.


[54]
LaTeX Font Info:    Trying to load font information for TS1+ptm on input line 84.
 (/usr/local/texlive/2025/texmf-dist/tex/latex/psnfss/ts1ptm.fd
File: ts1ptm.fd 2001/06/04 font definitions for TS1/ptm.
)
Overfull \hbox (12.27051pt too wide) in paragraph at lines 86--87
[]\T1/cmss/bx/n/12 Harvard RoboBee: \T1/cmss/m/n/12 to-tal mass $\OMS/ztmcm/m/n/12 ^^X$\T1/cmss/m/n/12 80 mg, wing mass $\OMS/ztmcm/m/n/12 ^^X$\T1/cmss/m/n/12 3 mg per wing, flap-ping at $\OMS/ztmcm/m/n/12 ^^X$\T1/cmss/m/n/12 120 Hz [[]18[]] 
 []



[55 <./figures/Abdul/wingliftcharacteristics.png>]

[56 <./figures/Abdul/Wing deformations.png>]

[57 <./figures/Abdul/stiffnessdistribution.png>]

[58]
Underfull \hbox (badness 2582) in paragraph at lines 167--168
[]\T1/ptm/m/n/12 Balances load re-dis-tri-bu-tion and
 []



[59]
<figures/Abdul/WingCAD.png, id=801, 1445.4pt x 813.0375pt>
File: figures/Abdul/WingCAD.png Graphic file (type png)
<use figures/Abdul/WingCAD.png>
Package pdftex.def Info: figures/Abdul/WingCAD.png  used on input line 188.
(pdftex.def)             Requested size: 455.23724pt x 256.0748pt.


[60]
<figures/Abdul/wingsleeve.png, id=808, 380.01974pt x 190.91325pt>
File: figures/Abdul/wingsleeve.png Graphic file (type png)
<use figures/Abdul/wingsleeve.png>
Package pdftex.def Info: figures/Abdul/wingsleeve.png  used on input line 198.
(pdftex.def)             Requested size: 368.14322pt x 184.9429pt.


[61 <./figures/Abdul/WingCAD.png (PNG copy)>]
<figures/Abdul/Rseries.png, id=816, 242.1045pt x 93.951pt>
File: figures/Abdul/Rseries.png Graphic file (type png)
<use figures/Abdul/Rseries.png>
Package pdftex.def Info: figures/Abdul/Rseries.png  used on input line 217.
(pdftex.def)             Requested size: 238.30257pt x 92.47145pt.

Overfull \hbox (11.7296pt too wide) in paragraph at lines 217--218
 [][] 
 []

<figures/Abdul/Zseries.png, id=817, 196.93575pt x 84.315pt>
File: figures/Abdul/Zseries.png Graphic file (type png)
<use figures/Abdul/Zseries.png>
Package pdftex.def Info: figures/Abdul/Zseries.png  used on input line 224.
(pdftex.def)             Requested size: 215.9899pt x 92.47145pt.


[62 <./figures/Abdul/wingsleeve.png> <./figures/Abdul/Rseries.png> <./figures/Abdul/Zseries.png>]
Overfull \hbox (8.98647pt too wide) in alignment at lines 242--248
 [] [] [] 
 []


Overfull \hbox (8.98647pt too wide) in alignment at lines 248--252
 [] [] [] 
 []


Overfull \hbox (8.98647pt too wide) in alignment at lines 252--254
 [] [] [] 
 []


Overfull \hbox (8.98647pt too wide) in alignment at lines 254--255
 [] [] [] 
 []


Underfull \hbox (badness 10000) in paragraph at lines 259--259
[]|\T1/cmss/m/n/12 Polypropylene
 []


Underfull \hbox (badness 10000) in paragraph at lines 259--259
\T1/cmss/m/n/12 card sleeves
 []


Underfull \hbox (badness 2384) in paragraph at lines 263--263
[]|\T1/cmss/m/n/12 1.5 mm car-
 []


Underfull \hbox (badness 10000) in paragraph at lines 263--263
\T1/cmss/m/n/12 bon fi-bre,
 []


Underfull \hbox (badness 10000) in paragraph at lines 263--263
\T1/cmss/m/n/12 PETG T-
 []


Underfull \hbox (badness 10000) in paragraph at lines 263--263
\T1/cmss/m/n/12 connector
 []


Underfull \hbox (badness 10000) in paragraph at lines 269--269
[]|\T1/cmss/m/n/12 Negative
 []


LaTeX Warning: Reference `app:doe_matrix' on page 63 undefined on input line 269.


Underfull \hbox (badness 2197) in paragraph at lines 273--273
[]|\T1/cmss/m/n/12 1.0 mm pul-
 []


Overfull \hbox (8.98647pt too wide) in alignment at lines 255--275
 [] [] [] 
 []

[63]

[64]
<figures/Abdul/massdeviationplot.png, id=841, 799.48688pt x 395.22656pt>
File: figures/Abdul/massdeviationplot.png Graphic file (type png)
<use figures/Abdul/massdeviationplot.png>
Package pdftex.def Info: figures/Abdul/massdeviationplot.png  used on input line 287.
(pdftex.def)             Requested size: 518.00122pt x 256.0748pt.

Overfull \hbox (45.96999pt too wide) in paragraph at lines 287--288
 [][] 
 []



[65 <./figures/Abdul/massdeviationplot.png (PNG copy)>]
<figures/Abdul/newlymanufacturedwing.png, id=849, 788.19469pt x 435.12563pt>
File: figures/Abdul/newlymanufacturedwing.png Graphic file (type png)
<use figures/Abdul/newlymanufacturedwing.png>
Package pdftex.def Info: figures/Abdul/newlymanufacturedwing.png  used on input line 299.
(pdftex.def)             Requested size: 231.9261pt x 128.0374pt.
<figures/Abdul/baselinedesignchanges.png, id=852, 800.23969pt x 238.64156pt>
File: figures/Abdul/baselinedesignchanges.png Graphic file (type png)
<use figures/Abdul/baselinedesignchanges.png>
Package pdftex.def Info: figures/Abdul/baselinedesignchanges.png  used on input line 308.
(pdftex.def)             Requested size: 429.33896pt x 128.0374pt.
<figures/Abdul/designsolutions.png, id=853, 1445.4pt x 645.91313pt>
File: figures/Abdul/designsolutions.png Graphic file (type png)
<use figures/Abdul/designsolutions.png>
Package pdftex.def Info: figures/Abdul/designsolutions.png  used on input line 315.
(pdftex.def)             Requested size: 509.36021pt x 227.62204pt.

Overfull \hbox (37.32898pt too wide) in paragraph at lines 315--316
 [][] 
 []



[66 <./figures/Abdul/newlymanufacturedwing.png> <./figures/Abdul/baselinedesignchanges.png>]
<figures/Abdul/controlbar.png, id=862, 823.57687pt x 286.82156pt>
File: figures/Abdul/controlbar.png Graphic file (type png)
<use figures/Abdul/controlbar.png>
Package pdftex.def Info: figures/Abdul/controlbar.png  used on input line 325.
(pdftex.def)             Requested size: 367.65298pt x 128.0374pt.


[67 <./figures/Abdul/designsolutions.png> <./figures/Abdul/controlbar.png>]
<figures/Abdul/templates.jpeg, id=869, 1373.6118pt x 889.4028pt>
File: figures/Abdul/templates.jpeg Graphic file (type jpg)
<use figures/Abdul/templates.jpeg>
Package pdftex.def Info: figures/Abdul/templates.jpeg  used on input line 343.
(pdftex.def)             Requested size: 395.48672pt x 256.0748pt.


[68 <./figures/Abdul/templates.jpeg>]
<figures/Abdul/manufacturing.png, id=875, 1413.78188pt x 765.6103pt>
File: figures/Abdul/manufacturing.png Graphic file (type png)
<use figures/Abdul/manufacturing.png>
Package pdftex.def Info: figures/Abdul/manufacturing.png  used on input line 353.
(pdftex.def)             Requested size: 446.59486pt x 241.84842pt.
<figures/Abdul/manufacturedwings.png, id=877, 1445.4pt x 813.0375pt>
File: figures/Abdul/manufacturedwings.png Graphic file (type png)
<use figures/Abdul/manufacturedwings.png>
Package pdftex.def Info: figures/Abdul/manufacturedwings.png  used on input line 366.
(pdftex.def)             Requested size: 404.64308pt x 227.62204pt.


[69 <./figures/Abdul/manufacturing.png>]
<figures/Abdul/graph1.png, id=885, 1445.4pt x 627.84563pt>
File: figures/Abdul/graph1.png Graphic file (type png)
<use figures/Abdul/graph1.png>
Package pdftex.def Info: figures/Abdul/graph1.png  used on input line 374.
(pdftex.def)             Requested size: 524.00475pt x 227.62204pt.

Overfull \hbox (51.97351pt too wide) in paragraph at lines 374--375
 [][] 
 []

<figures/Abdul/graph2.png, id=886, 1445.4pt x 632.3625pt>
File: figures/Abdul/graph2.png Graphic file (type png)
<use figures/Abdul/graph2.png>
Package pdftex.def Info: figures/Abdul/graph2.png  used on input line 381.
(pdftex.def)             Requested size: 520.27745pt x 227.62204pt.

Overfull \hbox (48.24622pt too wide) in paragraph at lines 381--382
 [][] 
 []


Underfull \hbox (badness 10000) in paragraph at lines 412--413
[]\T1/ptm/m/n/12 Series Z: 0.227 g/cm; Se-ries R:
 []



[70 <./figures/Abdul/manufacturedwings.png (PNG copy)>]

[71 <./figures/Abdul/graph1.png>]

[72 <./figures/Abdul/graph2.png>]
<figures/Abdul/drillspin.png, id=905, 1041.1397pt x 813.0375pt>
File: figures/Abdul/drillspin.png Graphic file (type png)
<use figures/Abdul/drillspin.png>
Package pdftex.def Info: figures/Abdul/drillspin.png  used on input line 451.
(pdftex.def)             Requested size: 291.46947pt x 227.62204pt.


[73]

Package caption Warning: The option `hypcap=true' will be ignored for this
(caption)                particular \caption on input line 462.
See the caption package documentation for explanation.

LaTeX Font Info:    Font shape `OT1/ptm/bx/n' in size <10.95> not available
(Font)              Font shape `OT1/ptm/b/n' tried instead on input line 511.
LaTeX Font Info:    Font shape `OT1/ptm/bx/n' in size <8> not available
(Font)              Font shape `OT1/ptm/b/n' tried instead on input line 511.
LaTeX Font Info:    Font shape `OT1/ptm/bx/n' in size <6> not available
(Font)              Font shape `OT1/ptm/b/n' tried instead on input line 511.


[74 <./figures/Abdul/drillspin.png>]
<figures/Abdul/WingF.png, id=917, 498.06075pt x 269.20575pt>
File: figures/Abdul/WingF.png Graphic file (type png)
<use figures/Abdul/WingF.png>
Package pdftex.def Info: figures/Abdul/WingF.png  used on input line 518.
(pdftex.def)             Requested size: 421.12689pt x 227.62204pt.


[75{/usr/local/texlive/2025/texmf-dist/fonts/enc/dvips/cm-super/cm-super-ts1.enc}]
<figures/Abdul/WingZplot.png, id=927, 582.37575pt x 420.3705pt>
File: figures/Abdul/WingZplot.png Graphic file (type png)
<use figures/Abdul/WingZplot.png>
Package pdftex.def Info: figures/Abdul/WingZplot.png  used on input line 530.
(pdftex.def)             Requested size: 315.34908pt x 227.62204pt.


[76 <./figures/Abdul/WingF.png>]

[77 <./figures/Abdul/WingZplot.png>]

[78])

[79] (./Justin Denneny.tex

[80]
<figures/Dynamic Testing Setup.png, id=956, 385.94188pt x 279.0425pt>
File: figures/Dynamic Testing Setup.png Graphic file (type png)
<use figures/Dynamic Testing Setup.png>
Package pdftex.def Info: figures/Dynamic Testing Setup.png  used on input line 17.
(pdftex.def)             Requested size: 255.80011pt x 184.9429pt.
<figures/Wing w Test Markers.png, id=958, 209.28188pt x 280.04625pt>
File: figures/Wing w Test Markers.png Graphic file (type png)
<use figures/Wing w Test Markers.png>
Package pdftex.def Info: figures/Wing w Test Markers.png  used on input line 34.
(pdftex.def)             Requested size: 138.21587pt x 184.9429pt.


[81 <./figures/Dynamic Testing Setup.png>]
<figures/MATLAB Generated Wing Tracking Overlay.png, id=968, 201.75375pt x 233.87375pt>
File: figures/MATLAB Generated Wing Tracking Overlay.png Graphic file (type png)
<use figures/MATLAB Generated Wing Tracking Overlay.png>
Package pdftex.def Info: figures/MATLAB Generated Wing Tracking Overlay.png  used on input line 52.
(pdftex.def)             Requested size: 159.54994pt x 184.9429pt.


[82 <./figures/Wing w Test Markers.png>]
<figures/Preliminary Wing Deflection.png, id=977, 295.1025pt x 225.84375pt>
File: figures/Preliminary Wing Deflection.png Graphic file (type png)
<use figures/Preliminary Wing Deflection.png>
Package pdftex.def Info: figures/Preliminary Wing Deflection.png  used on input line 72.
(pdftex.def)             Requested size: 241.6704pt x 184.9429pt.


[83 <./figures/MATLAB Generated Wing Tracking Overlay.png> <./figures/Preliminary Wing Deflection.png>]
<figures/Spanwise Deflection Shape.png, id=985, 412.54124pt x 318.18875pt>
File: figures/Spanwise Deflection Shape.png Graphic file (type png)
<use figures/Spanwise Deflection Shape.png>
Package pdftex.def Info: figures/Spanwise Deflection Shape.png  used on input line 87.
(pdftex.def)             Requested size: 239.78397pt x 184.9429pt.


[84 <./figures/Spanwise Deflection Shape.png>])) (./Conclusion.tex

[85]
Chapter 3.


[86

])

[87]
Overfull \hbox (17.549pt too wide) in paragraph at lines 103--103
[]$\T1/cmtt/m/n/12 https : / / www . rocscience . com / help / rs2 / documentation / rs2 -[] model / probabilistic -[]
 []


Overfull \hbox (37.59848pt too wide) in paragraph at lines 103--103
\T1/cmtt/m/n/12 AD8556 . pdf$[]\T1/ptm/m/n/12 , [On-line]. Avail-able: https://www.analog.com/media/en/technical-documentation/data-
 []


Overfull \hbox (44.19221pt too wide) in paragraph at lines 103--103
[]\T1/ptm/m/n/12 Interface, \T1/ptm/m/it/12 Sm s-type load cell ^^V ten-sion and com-pres-sion load cell\T1/ptm/m/n/12 , []$\T1/cmtt/m/n/12 https : / / www . interfaceforce .
 []


Overfull \hbox (5.2164pt too wide) in paragraph at lines 103--103
\T1/ptm/m/n/12 Mar. 29, 2026]. avail-able from: []$\T1/cmtt/m/n/12 https : / / electronics . stackexchange . com / questions /
 []



[88

]
Overfull \hbox (10.8003pt too wide) in paragraph at lines 103--103
\T1/ptm/m/n/12 avail-able from: []$\T1/cmtt/m/n/12 https : / / www . sciencedirect . com / topics / engineering / coefficient -[]
 []


Overfull \hbox (110.49019pt too wide) in paragraph at lines 103--103
\T1/ptm/m/n/12 2025. avail-able from: []$\T1/cmtt/m/n/12 https : / / www . youtube . com / playlist ? list = PLoROMvodv4rMiGQp3WXShtMGgzqpfVfbU$[]\T1/ptm/m/n/12 . 
 []



[89]
Overfull \hbox (28.29349pt too wide) in paragraph at lines 103--103
[]\T1/ptm/m/n/12 D. Ishi-hara, T. Horie, and M. Denda, A two-dimensional com-pu-ta-tional study on the fluid^^Ustructure
 []



[90]
Overfull \hbox (0.68819pt too wide) in paragraph at lines 103--103
[]\T1/ptm/m/n/12 W. Shyy et al., \T1/ptm/m/it/12 Re-cent Progress in Flap-ping Wing Aero-dy-nam-ics and Aeroe-las-tic-ity\T1/ptm/m/n/12 . Springer,
 []



[91] (./Main.aux)
 ***********
LaTeX2e <2024-11-01> patch level 2
L3 programming layer <2025-01-18>
 ***********


LaTeX Warning: There were undefined references.

Package rerunfilecheck Info: File `Main.out' has not changed.
(rerunfilecheck)             Checksum: A315675EEF72728F17DA05412CE13719;1994.
Package logreq Info: Writing requests to 'Main.run.xml'.
\openout1 = `Main.run.xml'.

 ) 
Here is how much of TeX's memory you used:
 24713 strings out of 473190
 448084 string characters out of 5715801
 1304739 words of memory out of 5000000
 47293 multiletter control sequences out of 15000+600000
 626117 words of font info for 139 fonts, out of 8000000 for 9000
 1141 hyphenation exceptions out of 8191
 75i,11n,81p,1749b,1575s stack positions out of 10000i,1000n,20000p,200000b,200000s
</usr/local/texlive/2025/texmf-dist/fonts/type1/public/amsfonts/cm/cmex10.pfb></usr/local/texlive/2025/texmf-dist/fonts/type1/public/amsfonts/cm/cmmi10.pfb></usr/local/texlive/2025/texmf-dist/fonts/type1/public/amsfonts/cm/cmr10.pfb></usr/local/texlive/2025/texmf-dist/fonts/type1/public/amsfonts/cm/cmsy10.pfb></usr/local/texlive/2025/texmf-dist/fonts/type1/public/amsfonts/symbols/msam10.pfb></usr/local/texlive/2025/texmf-dist/fonts/type1/public/cm-super/sfcc1440.pfb></usr/local/texlive/2025/texmf-dist/fonts/type1/public/cm-super/sfsi1200.pfb></usr/local/texlive/2025/texmf-dist/fonts/type1/public/cm-super/sfso1200.pfb></usr/local/texlive/2025/texmf-dist/fonts/type1/public/cm-super/sfss1095.pfb></usr/local/texlive/2025/texmf-dist/fonts/type1/public/cm-super/sfss1200.pfb></usr/local/texlive/2025/texmf-dist/fonts/type1/public/cm-super/sfss1440.pfb></usr/local/texlive/2025/texmf-dist/fonts/type1/public/cm-super/sfsx1095.pfb></usr/local/texlive/2025/texmf-dist/fonts/type1/public/cm-super/sfsx1200.pfb></usr/local/texlive/2025/texmf-dist/fonts/type1/public/cm-super/sfsx1728.pfb></usr/local/texlive/2025/texmf-dist/fonts/type1/public/cm-super/sfsx2488.pfb></usr/local/texlive/2025/texmf-dist/fonts/type1/public/cm-super/sftt1200.pfb></usr/local/texlive/2025/texmf-dist/fonts/type1/urw/symbol/usyr.pfb></usr/local/texlive/2025/texmf-dist/fonts/type1/urw/times/utmb8a.pfb></usr/local/texlive/2025/texmf-dist/fonts/type1/urw/times/utmr8a.pfb></usr/local/texlive/2025/texmf-dist/fonts/type1/urw/times/utmri8a.pfb>
Output written on Main.pdf (92 pages, 31592716 bytes).
PDF statistics:
 1215 PDF objects out of 1440 (max. 8388607)
 929 compressed objects within 10 object streams
 286 named destinations out of 1000 (max. 500000)
 467 words of extra memory for PDF output out of 10000 (max. 10000000)

